TN:
SF:src/modules/appointments/services/CreateAppointmentService.ts
FN:48,__decorate
FN:48,__metadata
FN:48,__param
FN:48,__awaiter
FN:48,adopt
FN:48,fulfilled
FN:48,rejected
FN:48,step
FN:48,__generator
FN:48,sent
FN:48,g.<computed>
FN:48,verb
FN:48,step
FN:48,__importDefault
FN:18,CreateAppointmentService
FN:23,CreateAppointmentService.execute
FNF:16
FNH:14
FNDA:1,__decorate
FNDA:1,__metadata
FNDA:1,__param
FNDA:3,__awaiter
FNDA:5,adopt
FNDA:5,fulfilled
FNDA:0,rejected
FNDA:7,step
FNDA:3,__generator
FNDA:5,sent
FNDA:0,g.<computed>
FNDA:9,verb
FNDA:8,step
FNDA:1,__importDefault
FNDA:2,CreateAppointmentService
FNDA:3,CreateAppointmentService.execute
DA:1,1
DA:2,1
DA:3,1
DA:4,1
DA:5,1
DA:6,1
DA:7,1
DA:8,1
DA:9,1
DA:10,1
DA:11,1
DA:12,1
DA:13,1
DA:14,1
DA:15,1
DA:16,1
DA:17,1
DA:18,1
DA:19,2
DA:20,2
DA:21,2
DA:22,1
DA:23,1
DA:24,3
DA:25,3
DA:26,3
DA:27,3
DA:28,3
DA:29,3
DA:30,3
DA:31,3
DA:32,3
DA:33,3
DA:34,3
DA:35,1
DA:36,1
DA:37,2
DA:38,2
DA:39,2
DA:40,2
DA:41,2
DA:42,2
DA:43,3
DA:44,3
DA:45,3
DA:46,1
DA:47,1
DA:48,1
LF:48
LH:48
BRDA:48,0,0,1
BRDA:48,1,0,1
BRDA:48,2,0,0
BRDA:48,3,0,0
BRDA:48,4,0,0
BRDA:48,5,0,0
BRDA:48,6,0,1
BRDA:48,7,0,1
BRDA:48,8,0,1
BRDA:48,9,0,3
BRDA:48,10,0,5
BRDA:48,11,0,0
BRDA:48,12,0,3
BRDA:48,13,0,5
BRDA:48,14,0,1
BRDA:48,15,0,7
BRDA:48,16,0,2
BRDA:48,17,0,5
BRDA:48,18,0,3
BRDA:48,19,0,5
BRDA:48,20,0,0
BRDA:48,21,0,9
BRDA:48,22,0,8
BRDA:48,23,0,8
BRDA:48,24,0,0
BRDA:48,25,0,16
BRDA:48,26,0,0
BRDA:48,27,0,0
BRDA:48,28,0,0
BRDA:48,29,0,0
BRDA:48,30,0,8
BRDA:48,31,0,8
BRDA:48,32,0,5
BRDA:48,33,0,0
BRDA:48,34,0,0
BRDA:48,35,0,3
BRDA:48,36,0,0
BRDA:48,37,0,2
BRDA:48,38,0,0
BRDA:48,39,0,0
BRDA:48,40,0,0
BRDA:48,41,0,0
BRDA:48,42,0,8
BRDA:48,43,0,1
BRDA:48,44,0,8
BRDA:48,45,0,3
BRDA:48,46,0,1
BRDA:48,47,0,2
BRDA:48,48,0,0
BRDA:48,49,0,1
BRDA:48,50,0,0
BRDA:17,51,0,1
BRDA:18,52,0,2
BRDA:23,53,0,3
BRDA:48,54,0,3
BRDA:48,55,0,8
BRDA:48,56,0,3
BRDA:48,57,0,3
BRDA:34,58,0,1
BRDA:36,59,0,2
BRDA:48,60,0,2
BRF:61
BRH:41
end_of_record
TN:
SF:src/modules/appointments/services/ListProviderDayAvailabilityService.ts
FN:65,__decorate
FN:65,__metadata
FN:65,__param
FN:65,__awaiter
FN:65,adopt
FN:65,fulfilled
FN:65,rejected
FN:65,step
FN:65,__generator
FN:65,sent
FN:65,g.<computed>
FN:65,verb
FN:65,step
FN:19,ListProviderDayAvailabilityService
FN:24,ListProviderDayAvailabilityService.execute
FNF:15
FNH:13
FNDA:1,__decorate
FNDA:1,__metadata
FNDA:1,__param
FNDA:1,__awaiter
FNDA:1,adopt
FNDA:1,fulfilled
FNDA:0,rejected
FNDA:2,step
FNDA:1,__generator
FNDA:1,sent
FNDA:0,g.<computed>
FNDA:3,verb
FNDA:2,step
FNDA:1,ListProviderDayAvailabilityService
FNDA:1,ListProviderDayAvailabilityService.execute
DA:1,1
DA:2,1
DA:3,1
DA:4,1
DA:5,1
DA:6,1
DA:7,1
DA:8,1
DA:9,1
DA:10,1
DA:11,1
DA:12,1
DA:13,1
DA:14,1
DA:15,1
DA:16,1
DA:17,1
DA:18,1
DA:19,1
DA:20,1
DA:21,1
DA:22,1
DA:23,1
DA:24,1
DA:25,1
DA:26,1
DA:27,1
DA:28,1
DA:29,1
DA:30,1
DA:31,1
DA:32,1
DA:33,1
DA:34,1
DA:35,1
DA:36,1
DA:37,1
DA:38,1
DA:39,1
DA:40,1
DA:41,1
DA:42,1
DA:43,1
DA:44,1
DA:45,1
DA:46,1
DA:47,1
DA:48,1
DA:49,10
DA:50,10
DA:51,10
DA:52,10
DA:53,10
DA:54,10
DA:55,10
DA:56,10
DA:57,10
DA:58,10
DA:59,1
DA:60,1
DA:61,1
DA:62,1
DA:63,1
DA:64,1
DA:65,1
LF:65
LH:65
BRDA:65,0,0,1
BRDA:65,1,0,1
BRDA:65,2,0,0
BRDA:65,3,0,0
BRDA:65,4,0,0
BRDA:65,5,0,0
BRDA:65,6,0,1
BRDA:65,7,0,1
BRDA:65,8,0,1
BRDA:65,9,0,1
BRDA:65,10,0,1
BRDA:65,11,0,0
BRDA:65,12,0,1
BRDA:65,13,0,1
BRDA:65,14,0,0
BRDA:65,15,0,2
BRDA:65,16,0,1
BRDA:65,17,0,1
BRDA:65,18,0,1
BRDA:65,19,0,1
BRDA:65,20,0,0
BRDA:65,21,0,3
BRDA:65,22,0,2
BRDA:65,23,0,2
BRDA:65,24,0,0
BRDA:65,25,0,4
BRDA:65,26,0,0
BRDA:65,27,0,0
BRDA:65,28,0,0
BRDA:65,29,0,0
BRDA:65,30,0,2
BRDA:65,31,0,2
BRDA:65,32,0,1
BRDA:65,33,0,0
BRDA:65,34,0,0
BRDA:65,35,0,1
BRDA:65,36,0,0
BRDA:65,37,0,0
BRDA:65,38,0,0
BRDA:65,39,0,0
BRDA:65,40,0,0
BRDA:65,41,0,2
BRDA:65,42,0,0
BRDA:65,43,0,2
BRDA:65,44,0,1
BRDA:65,45,0,0
BRDA:65,46,0,1
BRDA:65,47,0,0
BRDA:18,48,0,1
BRDA:19,49,0,1
BRDA:24,50,0,1
BRDA:65,51,0,1
BRDA:65,52,0,2
BRDA:30,53,0,1
BRDA:65,54,0,1
BRDA:43,55,0,10
BRDA:48,56,0,10
BRDA:57,57,0,8
BRDA:50,58,0,19
BRF:59
BRH:37
end_of_record
TN:
SF:src/modules/appointments/services/ListProviderMonthAvailabilityService.ts
FN:58,__decorate
FN:58,__metadata
FN:58,__param
FN:58,__awaiter
FN:58,adopt
FN:58,fulfilled
FN:58,rejected
FN:58,step
FN:58,__generator
FN:58,sent
FN:58,g.<computed>
FN:58,verb
FN:58,step
FN:18,ListProviderMonthAvailabilityService
FN:23,ListProviderMonthAvailabilityService.execute
FNF:15
FNH:13
FNDA:1,__decorate
FNDA:1,__metadata
FNDA:1,__param
FNDA:1,__awaiter
FNDA:1,adopt
FNDA:1,fulfilled
FNDA:0,rejected
FNDA:2,step
FNDA:1,__generator
FNDA:1,sent
FNDA:0,g.<computed>
FNDA:3,verb
FNDA:2,step
FNDA:1,ListProviderMonthAvailabilityService
FNDA:1,ListProviderMonthAvailabilityService.execute
DA:1,1
DA:2,1
DA:3,1
DA:4,1
DA:5,1
DA:6,1
DA:7,1
DA:8,1
DA:9,1
DA:10,1
DA:11,1
DA:12,1
DA:13,1
DA:14,1
DA:15,1
DA:16,1
DA:17,1
DA:18,1
DA:19,1
DA:20,1
DA:21,1
DA:22,1
DA:23,1
DA:24,1
DA:25,1
DA:26,1
DA:27,1
DA:28,1
DA:29,1
DA:30,1
DA:31,1
DA:32,1
DA:33,1
DA:34,1
DA:35,1
DA:36,1
DA:37,1
DA:38,1
DA:39,1
DA:40,1
DA:41,1
DA:42,1
DA:43,1
DA:44,31
DA:45,341
DA:46,31
DA:47,31
DA:48,31
DA:49,31
DA:50,31
DA:51,31
DA:52,1
DA:53,1
DA:54,1
DA:55,1
DA:56,1
DA:57,1
DA:58,1
LF:58
LH:58
BRDA:58,0,0,1
BRDA:58,1,0,1
BRDA:58,2,0,0
BRDA:58,3,0,0
BRDA:58,4,0,0
BRDA:58,5,0,0
BRDA:58,6,0,1
BRDA:58,7,0,1
BRDA:58,8,0,1
BRDA:58,9,0,1
BRDA:58,10,0,1
BRDA:58,11,0,0
BRDA:58,12,0,1
BRDA:58,13,0,1
BRDA:58,14,0,0
BRDA:58,15,0,2
BRDA:58,16,0,1
BRDA:58,17,0,1
BRDA:58,18,0,1
BRDA:58,19,0,1
BRDA:58,20,0,0
BRDA:58,21,0,3
BRDA:58,22,0,2
BRDA:58,23,0,2
BRDA:58,24,0,0
BRDA:58,25,0,4
BRDA:58,26,0,0
BRDA:58,27,0,0
BRDA:58,28,0,0
BRDA:58,29,0,0
BRDA:58,30,0,2
BRDA:58,31,0,2
BRDA:58,32,0,1
BRDA:58,33,0,0
BRDA:58,34,0,0
BRDA:58,35,0,1
BRDA:58,36,0,0
BRDA:58,37,0,0
BRDA:58,38,0,0
BRDA:58,39,0,0
BRDA:58,40,0,0
BRDA:58,41,0,2
BRDA:58,42,0,0
BRDA:58,43,0,2
BRDA:58,44,0,1
BRDA:58,45,0,0
BRDA:58,46,0,1
BRDA:58,47,0,0
BRDA:17,48,0,1
BRDA:18,49,0,1
BRDA:23,50,0,1
BRDA:58,51,0,1
BRDA:58,52,0,2
BRDA:28,53,0,1
BRDA:58,54,0,1
BRDA:40,55,0,31
BRDA:43,56,0,31
BRDA:44,57,0,341
BRF:58
BRH:36
end_of_record
TN:
SF:src/modules/appointments/services/ListProvidersService.ts
FN:28,__decorate
FN:28,__metadata
FN:28,__param
FN:28,__awaiter
FN:28,adopt
FN:28,fulfilled
FN:28,rejected
FN:28,step
FN:28,__generator
FN:28,sent
FN:28,g.<computed>
FN:28,verb
FN:28,step
FN:14,ListProvidersService
FN:19,ListProvidersService.execute
FNF:15
FNH:13
FNDA:1,__decorate
FNDA:1,__metadata
FNDA:1,__param
FNDA:1,__awaiter
FNDA:1,adopt
FNDA:1,fulfilled
FNDA:0,rejected
FNDA:2,step
FNDA:1,__generator
FNDA:1,sent
FNDA:0,g.<computed>
FNDA:3,verb
FNDA:2,step
FNDA:1,ListProvidersService
FNDA:1,ListProvidersService.execute
DA:1,1
DA:2,1
DA:3,1
DA:4,1
DA:5,1
DA:6,1
DA:7,1
DA:8,1
DA:9,1
DA:10,1
DA:11,1
DA:12,1
DA:13,1
DA:14,1
DA:15,1
DA:16,1
DA:17,1
DA:18,1
DA:19,1
DA:20,1
DA:21,1
DA:22,1
DA:23,1
DA:24,1
DA:25,1
DA:26,1
DA:27,1
DA:28,1
LF:28
LH:28
BRDA:28,0,0,1
BRDA:28,1,0,1
BRDA:28,2,0,0
BRDA:28,3,0,0
BRDA:28,4,0,0
BRDA:28,5,0,0
BRDA:28,6,0,1
BRDA:28,7,0,1
BRDA:28,8,0,1
BRDA:28,9,0,1
BRDA:28,10,0,1
BRDA:28,11,0,0
BRDA:28,12,0,1
BRDA:28,13,0,1
BRDA:28,14,0,0
BRDA:28,15,0,2
BRDA:28,16,0,1
BRDA:28,17,0,1
BRDA:28,18,0,1
BRDA:28,19,0,1
BRDA:28,20,0,0
BRDA:28,21,0,3
BRDA:28,22,0,2
BRDA:28,23,0,2
BRDA:28,24,0,0
BRDA:28,25,0,4
BRDA:28,26,0,0
BRDA:28,27,0,0
BRDA:28,28,0,0
BRDA:28,29,0,0
BRDA:28,30,0,2
BRDA:28,31,0,2
BRDA:28,32,0,1
BRDA:28,33,0,0
BRDA:28,34,0,0
BRDA:28,35,0,1
BRDA:28,36,0,0
BRDA:28,37,0,0
BRDA:28,38,0,0
BRDA:28,39,0,0
BRDA:28,40,0,0
BRDA:28,41,0,2
BRDA:28,42,0,0
BRDA:28,43,0,2
BRDA:28,44,0,1
BRDA:28,45,0,0
BRDA:28,46,0,1
BRDA:28,47,0,0
BRDA:13,48,0,1
BRDA:14,49,0,1
BRDA:19,50,0,1
BRDA:28,51,0,1
BRDA:28,52,0,2
BRDA:20,53,0,1
BRDA:28,54,0,1
BRF:55
BRH:33
end_of_record
TN:
SF:src/modules/users/services/AuthenticateUserService.ts
FN:58,__decorate
FN:58,__metadata
FN:58,__param
FN:58,__awaiter
FN:58,adopt
FN:58,fulfilled
FN:58,rejected
FN:58,step
FN:58,__generator
FN:58,sent
FN:58,g.<computed>
FN:58,verb
FN:58,step
FN:58,__importDefault
FN:23,AuthenticateUserService
FN:31,AuthenticateUserService.execute
FNF:16
FNH:14
FNDA:1,__decorate
FNDA:1,__metadata
FNDA:2,__param
FNDA:3,__awaiter
FNDA:5,adopt
FNDA:5,fulfilled
FNDA:0,rejected
FNDA:6,step
FNDA:3,__generator
FNDA:5,sent
FNDA:0,g.<computed>
FNDA:9,verb
FNDA:8,step
FNDA:2,__importDefault
FNDA:3,AuthenticateUserService
FNDA:3,AuthenticateUserService.execute
DA:1,1
DA:2,1
DA:3,1
DA:4,1
DA:5,1
DA:6,1
DA:7,1
DA:8,1
DA:9,1
DA:10,1
DA:11,1
DA:12,1
DA:13,1
DA:14,1
DA:15,1
DA:16,1
DA:17,1
DA:18,1
DA:19,1
DA:20,1
DA:21,1
DA:22,1
DA:23,1
DA:24,3
DA:25,3
DA:26,3
DA:27,3
DA:28,3
DA:29,3
DA:30,1
DA:31,1
DA:32,3
DA:33,3
DA:34,3
DA:35,1
DA:36,1
DA:37,2
DA:38,2
DA:39,2
DA:40,2
DA:41,2
DA:42,3
DA:43,3
DA:44,1
DA:45,1
DA:46,1
DA:47,1
DA:48,1
DA:49,1
DA:50,1
DA:51,1
DA:52,1
DA:53,1
DA:54,1
DA:55,3
DA:56,1
DA:57,1
DA:58,1
LF:58
LH:58
BRDA:58,0,0,1
BRDA:58,1,0,1
BRDA:58,2,0,0
BRDA:58,3,0,0
BRDA:58,4,0,0
BRDA:58,5,0,0
BRDA:58,6,0,1
BRDA:58,7,0,2
BRDA:58,8,0,2
BRDA:58,9,0,3
BRDA:58,10,0,5
BRDA:58,11,0,0
BRDA:58,12,0,3
BRDA:58,13,0,5
BRDA:58,14,0,2
BRDA:58,15,0,6
BRDA:58,16,0,1
BRDA:58,17,0,5
BRDA:58,18,0,3
BRDA:58,19,0,5
BRDA:58,20,0,0
BRDA:58,21,0,9
BRDA:58,22,0,8
BRDA:58,23,0,8
BRDA:58,24,0,0
BRDA:58,25,0,16
BRDA:58,26,0,0
BRDA:58,27,0,0
BRDA:58,28,0,0
BRDA:58,29,0,0
BRDA:58,30,0,8
BRDA:58,31,0,8
BRDA:58,32,0,5
BRDA:58,33,0,0
BRDA:58,34,0,0
BRDA:58,35,0,3
BRDA:58,36,0,0
BRDA:58,37,0,1
BRDA:58,38,0,0
BRDA:58,39,0,0
BRDA:58,40,0,0
BRDA:58,41,0,0
BRDA:58,42,0,8
BRDA:58,43,0,2
BRDA:58,44,0,8
BRDA:58,45,0,3
BRDA:58,46,0,2
BRDA:58,47,0,1
BRDA:58,48,0,0
BRDA:58,49,0,2
BRDA:58,50,0,0
BRDA:22,51,0,1
BRDA:23,52,0,3
BRDA:31,53,0,3
BRDA:58,54,0,3
BRDA:58,55,0,8
BRDA:32,56,0,3
BRDA:58,57,0,3
BRDA:34,58,0,1
BRDA:36,59,0,2
BRDA:58,60,0,2
BRDA:43,61,0,1
BRF:62
BRH:42
end_of_record
TN:
SF:src/modules/users/services/CreateUserService.ts
FN:43,__decorate
FN:43,__metadata
FN:43,__param
FN:43,__awaiter
FN:43,adopt
FN:43,fulfilled
FN:43,rejected
FN:43,step
FN:43,__generator
FN:43,sent
FN:43,g.<computed>
FN:43,verb
FN:43,step
FN:43,__importDefault
FN:16,CreateUserService
FN:24,CreateUserService.execute
FNF:16
FNH:14
FNDA:2,__decorate
FNDA:2,__metadata
FNDA:4,__param
FNDA:5,__awaiter
FNDA:13,adopt
FNDA:13,fulfilled
FNDA:0,rejected
FNDA:17,step
FNDA:5,__generator
FNDA:13,sent
FNDA:0,g.<computed>
FNDA:15,verb
FNDA:18,step
FNDA:2,__importDefault
FNDA:5,CreateUserService
FNDA:5,CreateUserService.execute
DA:1,1
DA:2,1
DA:3,1
DA:4,1
DA:5,1
DA:6,1
DA:7,1
DA:8,1
DA:9,1
DA:10,1
DA:11,1
DA:12,1
DA:13,1
DA:14,1
DA:15,2
DA:16,2
DA:17,5
DA:18,5
DA:19,5
DA:20,5
DA:21,5
DA:22,5
DA:23,2
DA:24,2
DA:25,5
DA:26,5
DA:27,5
DA:28,1
DA:29,1
DA:30,4
DA:31,4
DA:32,5
DA:33,5
DA:34,5
DA:35,5
DA:36,5
DA:37,5
DA:38,5
DA:39,5
DA:40,5
DA:41,2
DA:42,1
DA:43,1
LF:43
LH:43
BRDA:43,0,0,2
BRDA:43,1,0,2
BRDA:43,2,0,0
BRDA:43,3,0,0
BRDA:43,4,0,0
BRDA:43,5,0,0
BRDA:43,6,0,2
BRDA:43,7,0,4
BRDA:43,8,0,4
BRDA:43,9,0,5
BRDA:43,10,0,13
BRDA:43,11,0,0
BRDA:43,12,0,5
BRDA:43,13,0,13
BRDA:43,14,0,1
BRDA:43,15,0,17
BRDA:43,16,0,4
BRDA:43,17,0,13
BRDA:43,18,0,5
BRDA:43,19,0,13
BRDA:43,20,0,0
BRDA:43,21,0,15
BRDA:43,22,0,18
BRDA:43,23,0,18
BRDA:43,24,0,0
BRDA:43,25,0,36
BRDA:43,26,0,0
BRDA:43,27,0,0
BRDA:43,28,0,0
BRDA:43,29,0,0
BRDA:43,30,0,18
BRDA:43,31,0,18
BRDA:43,32,0,13
BRDA:43,33,0,0
BRDA:43,34,0,0
BRDA:43,35,0,5
BRDA:43,36,0,0
BRDA:43,37,0,4
BRDA:43,38,0,0
BRDA:43,39,0,0
BRDA:43,40,0,0
BRDA:43,41,0,0
BRDA:43,42,0,18
BRDA:43,43,0,1
BRDA:43,44,0,18
BRDA:43,45,0,5
BRDA:43,46,0,1
BRDA:43,47,0,4
BRDA:43,48,0,0
BRDA:43,49,0,2
BRDA:43,50,0,0
BRDA:15,51,0,2
BRDA:16,52,0,5
BRDA:24,53,0,5
BRDA:43,54,0,5
BRDA:43,55,0,18
BRDA:25,56,0,5
BRDA:43,57,0,5
BRDA:27,58,0,1
BRDA:29,59,0,4
BRDA:43,60,0,4
BRDA:43,61,0,4
BRF:62
BRH:42
end_of_record
TN:
SF:src/modules/users/services/ResetPasswordService.ts
FN:53,__decorate
FN:53,__metadata
FN:53,__param
FN:53,__awaiter
FN:53,adopt
FN:53,fulfilled
FN:53,rejected
FN:53,step
FN:53,__generator
FN:53,sent
FN:53,g.<computed>
FN:53,verb
FN:53,step
FN:53,__importDefault
FN:16,ResetPasswordService
FN:27,ResetPasswordService.execute
FNF:16
FNH:14
FNDA:1,__decorate
FNDA:1,__metadata
FNDA:3,__param
FNDA:4,__awaiter
FNDA:9,adopt
FNDA:9,fulfilled
FNDA:0,rejected
FNDA:10,step
FNDA:4,__generator
FNDA:9,sent
FNDA:0,g.<computed>
FNDA:12,verb
FNDA:13,step
FNDA:1,__importDefault
FNDA:4,ResetPasswordService
FNDA:4,ResetPasswordService.execute
DA:1,1
DA:2,1
DA:3,1
DA:4,1
DA:5,1
DA:6,1
DA:7,1
DA:8,1
DA:9,1
DA:10,1
DA:11,1
DA:12,1
DA:13,1
DA:14,1
DA:15,1
DA:16,1
DA:17,4
DA:18,4
DA:19,4
DA:20,4
DA:21,4
DA:22,4
DA:23,4
DA:24,4
DA:25,4
DA:26,1
DA:27,1
DA:28,4
DA:29,4
DA:30,4
DA:31,1
DA:32,1
DA:33,3
DA:34,4
DA:35,4
DA:36,4
DA:37,1
DA:38,1
DA:39,2
DA:40,2
DA:41,2
DA:42,2
DA:43,4
DA:44,1
DA:45,1
DA:46,1
DA:47,1
DA:48,4
DA:49,4
DA:50,4
DA:51,1
DA:52,1
DA:53,1
LF:53
LH:53
BRDA:53,0,0,1
BRDA:53,1,0,1
BRDA:53,2,0,0
BRDA:53,3,0,0
BRDA:53,4,0,0
BRDA:53,5,0,0
BRDA:53,6,0,1
BRDA:53,7,0,3
BRDA:53,8,0,3
BRDA:53,9,0,4
BRDA:53,10,0,9
BRDA:53,11,0,0
BRDA:53,12,0,4
BRDA:53,13,0,9
BRDA:53,14,0,3
BRDA:53,15,0,10
BRDA:53,16,0,1
BRDA:53,17,0,9
BRDA:53,18,0,4
BRDA:53,19,0,9
BRDA:53,20,0,0
BRDA:53,21,0,12
BRDA:53,22,0,13
BRDA:53,23,0,13
BRDA:53,24,0,0
BRDA:53,25,0,26
BRDA:53,26,0,0
BRDA:53,27,0,0
BRDA:53,28,0,0
BRDA:53,29,0,0
BRDA:53,30,0,13
BRDA:53,31,0,13
BRDA:53,32,0,9
BRDA:53,33,0,0
BRDA:53,34,0,0
BRDA:53,35,0,4
BRDA:53,36,0,0
BRDA:53,37,0,1
BRDA:53,38,0,0
BRDA:53,39,0,0
BRDA:53,40,0,0
BRDA:53,41,0,0
BRDA:53,42,0,13
BRDA:53,43,0,3
BRDA:53,44,0,13
BRDA:53,45,0,4
BRDA:53,46,0,3
BRDA:53,47,0,1
BRDA:53,48,0,0
BRDA:53,49,0,1
BRDA:53,50,0,0
BRDA:15,51,0,1
BRDA:16,52,0,4
BRDA:27,53,0,4
BRDA:53,54,0,4
BRDA:53,55,0,13
BRDA:28,56,0,4
BRDA:53,57,0,4
BRDA:30,58,0,1
BRDA:32,59,0,3
BRDA:34,60,0,0
BRDA:34,61,0,3
BRDA:53,62,0,3
BRDA:36,63,0,1
BRDA:38,64,0,2
BRDA:43,65,0,1
BRDA:53,66,0,1
BRDA:53,67,0,1
BRF:68
BRH:47
end_of_record
TN:
SF:src/modules/users/services/SendForgotPasswordEmailService.ts
FN:60,__decorate
FN:60,__metadata
FN:60,__param
FN:60,__awaiter
FN:60,adopt
FN:60,fulfilled
FN:60,rejected
FN:60,step
FN:60,__generator
FN:60,sent
FN:60,g.<computed>
FN:60,verb
FN:60,step
FN:60,__importDefault
FN:16,SendForgotPasswordEmailService
FN:27,SendForgotPasswordEmailService.execute
FNF:16
FNH:14
FNDA:1,__decorate
FNDA:1,__metadata
FNDA:3,__param
FNDA:3,__awaiter
FNDA:7,adopt
FNDA:7,fulfilled
FNDA:0,rejected
FNDA:9,step
FNDA:3,__generator
FNDA:7,sent
FNDA:0,g.<computed>
FNDA:9,verb
FNDA:10,step
FNDA:2,__importDefault
FNDA:3,SendForgotPasswordEmailService
FNDA:3,SendForgotPasswordEmailService.execute
DA:1,1
DA:2,1
DA:3,1
DA:4,1
DA:5,1
DA:6,1
DA:7,1
DA:8,1
DA:9,1
DA:10,1
DA:11,1
DA:12,1
DA:13,1
DA:14,1
DA:15,1
DA:16,1
DA:17,3
DA:18,3
DA:19,3
DA:20,3
DA:21,3
DA:22,3
DA:23,3
DA:24,3
DA:25,3
DA:26,1
DA:27,1
DA:28,3
DA:29,3
DA:30,3
DA:31,1
DA:32,1
DA:33,2
DA:34,2
DA:35,3
DA:36,3
DA:37,3
DA:38,3
DA:39,3
DA:40,3
DA:41,3
DA:42,3
DA:43,3
DA:44,3
DA:45,3
DA:46,3
DA:47,3
DA:48,3
DA:49,3
DA:50,3
DA:51,3
DA:52,3
DA:53,3
DA:54,3
DA:55,3
DA:56,3
DA:57,3
DA:58,1
DA:59,1
DA:60,1
LF:60
LH:60
BRDA:60,0,0,1
BRDA:60,1,0,1
BRDA:60,2,0,0
BRDA:60,3,0,0
BRDA:60,4,0,0
BRDA:60,5,0,0
BRDA:60,6,0,1
BRDA:60,7,0,3
BRDA:60,8,0,3
BRDA:60,9,0,3
BRDA:60,10,0,7
BRDA:60,11,0,0
BRDA:60,12,0,3
BRDA:60,13,0,7
BRDA:60,14,0,1
BRDA:60,15,0,9
BRDA:60,16,0,2
BRDA:60,17,0,7
BRDA:60,18,0,3
BRDA:60,19,0,7
BRDA:60,20,0,0
BRDA:60,21,0,9
BRDA:60,22,0,10
BRDA:60,23,0,10
BRDA:60,24,0,0
BRDA:60,25,0,20
BRDA:60,26,0,0
BRDA:60,27,0,0
BRDA:60,28,0,0
BRDA:60,29,0,0
BRDA:60,30,0,10
BRDA:60,31,0,10
BRDA:60,32,0,7
BRDA:60,33,0,0
BRDA:60,34,0,0
BRDA:60,35,0,3
BRDA:60,36,0,0
BRDA:60,37,0,2
BRDA:60,38,0,0
BRDA:60,39,0,0
BRDA:60,40,0,0
BRDA:60,41,0,0
BRDA:60,42,0,10
BRDA:60,43,0,1
BRDA:60,44,0,10
BRDA:60,45,0,3
BRDA:60,46,0,1
BRDA:60,47,0,2
BRDA:60,48,0,0
BRDA:60,49,0,2
BRDA:60,50,0,1
BRDA:60,51,0,1
BRDA:15,52,0,1
BRDA:16,53,0,3
BRDA:27,54,0,3
BRDA:60,55,0,3
BRDA:60,56,0,10
BRDA:28,57,0,3
BRDA:60,58,0,3
BRDA:30,59,0,1
BRDA:32,60,0,2
BRDA:60,61,0,2
BRDA:60,62,0,2
BRF:63
BRH:44
end_of_record
TN:
SF:src/modules/users/services/ShowProfileService.ts
FN:30,__decorate
FN:30,__metadata
FN:30,__param
FN:30,__awaiter
FN:30,adopt
FN:30,fulfilled
FN:30,rejected
FN:30,step
FN:30,__generator
FN:30,sent
FN:30,g.<computed>
FN:30,verb
FN:30,step
FN:30,__importDefault
FN:14,ShowProfileService
FN:19,ShowProfileService.execute
FNF:16
FNH:14
FNDA:1,__decorate
FNDA:1,__metadata
FNDA:1,__param
FNDA:2,__awaiter
FNDA:2,adopt
FNDA:2,fulfilled
FNDA:0,rejected
FNDA:3,step
FNDA:2,__generator
FNDA:2,sent
FNDA:0,g.<computed>
FNDA:6,verb
FNDA:4,step
FNDA:1,__importDefault
FNDA:2,ShowProfileService
FNDA:2,ShowProfileService.execute
DA:1,1
DA:2,1
DA:3,1
DA:4,1
DA:5,1
DA:6,1
DA:7,1
DA:8,1
DA:9,1
DA:10,1
DA:11,1
DA:12,1
DA:13,1
DA:14,1
DA:15,2
DA:16,2
DA:17,2
DA:18,1
DA:19,1
DA:20,2
DA:21,2
DA:22,2
DA:23,1
DA:24,1
DA:25,1
DA:26,1
DA:27,2
DA:28,1
DA:29,1
DA:30,1
LF:30
LH:30
BRDA:30,0,0,1
BRDA:30,1,0,1
BRDA:30,2,0,0
BRDA:30,3,0,0
BRDA:30,4,0,0
BRDA:30,5,0,0
BRDA:30,6,0,1
BRDA:30,7,0,1
BRDA:30,8,0,1
BRDA:30,9,0,2
BRDA:30,10,0,2
BRDA:30,11,0,0
BRDA:30,12,0,2
BRDA:30,13,0,2
BRDA:30,14,0,1
BRDA:30,15,0,3
BRDA:30,16,0,1
BRDA:30,17,0,2
BRDA:30,18,0,2
BRDA:30,19,0,2
BRDA:30,20,0,0
BRDA:30,21,0,6
BRDA:30,22,0,4
BRDA:30,23,0,4
BRDA:30,24,0,0
BRDA:30,25,0,8
BRDA:30,26,0,0
BRDA:30,27,0,0
BRDA:30,28,0,0
BRDA:30,29,0,0
BRDA:30,30,0,4
BRDA:30,31,0,4
BRDA:30,32,0,2
BRDA:30,33,0,0
BRDA:30,34,0,0
BRDA:30,35,0,2
BRDA:30,36,0,0
BRDA:30,37,0,1
BRDA:30,38,0,0
BRDA:30,39,0,0
BRDA:30,40,0,0
BRDA:30,41,0,0
BRDA:30,42,0,4
BRDA:30,43,0,1
BRDA:30,44,0,4
BRDA:30,45,0,2
BRDA:30,46,0,1
BRDA:30,47,0,0
BRDA:30,48,0,1
BRDA:30,49,0,0
BRDA:13,50,0,1
BRDA:14,51,0,2
BRDA:19,52,0,2
BRDA:30,53,0,2
BRDA:30,54,0,4
BRDA:20,55,0,2
BRDA:30,56,0,2
BRDA:22,57,0,1
BRF:58
BRH:38
end_of_record
TN:
SF:src/modules/users/services/UpdateProfileService.ts
FN:76,__decorate
FN:76,__metadata
FN:76,__param
FN:76,__awaiter
FN:76,adopt
FN:76,fulfilled
FN:76,rejected
FN:76,step
FN:76,__generator
FN:76,sent
FN:76,g.<computed>
FN:76,verb
FN:76,step
FN:76,__importDefault
FN:19,UpdateProfileService
FN:27,UpdateProfileService.execute
FNF:16
FNH:14
FNDA:1,__decorate
FNDA:1,__metadata
FNDA:2,__param
FNDA:6,__awaiter
FNDA:14,adopt
FNDA:14,fulfilled
FNDA:0,rejected
FNDA:16,step
FNDA:6,__generator
FNDA:14,sent
FNDA:0,g.<computed>
FNDA:18,verb
FNDA:20,step
FNDA:1,__importDefault
FNDA:6,UpdateProfileService
FNDA:6,UpdateProfileService.execute
DA:1,1
DA:2,1
DA:3,1
DA:4,1
DA:5,1
DA:6,1
DA:7,1
DA:8,1
DA:9,1
DA:10,1
DA:11,1
DA:12,1
DA:13,1
DA:14,1
DA:15,1
DA:16,1
DA:17,1
DA:18,1
DA:19,1
DA:20,6
DA:21,6
DA:22,6
DA:23,6
DA:24,6
DA:25,6
DA:26,1
DA:27,1
DA:28,6
DA:29,6
DA:30,6
DA:31,6
DA:32,6
DA:33,6
DA:34,6
DA:35,6
DA:36,6
DA:37,1
DA:38,1
DA:39,5
DA:40,5
DA:41,5
DA:42,5
DA:43,5
DA:44,6
DA:45,6
DA:46,1
DA:47,1
DA:48,6
DA:49,6
DA:50,6
DA:51,6
DA:52,6
DA:53,1
DA:54,1
DA:55,1
DA:56,1
DA:57,6
DA:58,2
DA:59,2
DA:60,2
DA:61,2
DA:62,6
DA:63,6
DA:64,1
DA:65,1
DA:66,1
DA:67,1
DA:68,6
DA:69,6
DA:70,6
DA:71,6
DA:72,6
DA:73,6
DA:74,1
DA:75,1
DA:76,1
LF:76
LH:76
BRDA:76,0,0,1
BRDA:76,1,0,1
BRDA:76,2,0,0
BRDA:76,3,0,0
BRDA:76,4,0,0
BRDA:76,5,0,0
BRDA:76,6,0,1
BRDA:76,7,0,2
BRDA:76,8,0,2
BRDA:76,9,0,6
BRDA:76,10,0,14
BRDA:76,11,0,0
BRDA:76,12,0,6
BRDA:76,13,0,14
BRDA:76,14,0,4
BRDA:76,15,0,16
BRDA:76,16,0,2
BRDA:76,17,0,14
BRDA:76,18,0,6
BRDA:76,19,0,14
BRDA:76,20,0,0
BRDA:76,21,0,18
BRDA:76,22,0,20
BRDA:76,23,0,20
BRDA:76,24,0,0
BRDA:76,25,0,41
BRDA:76,26,0,0
BRDA:76,27,0,0
BRDA:76,28,0,0
BRDA:76,29,0,0
BRDA:76,30,0,20
BRDA:76,31,0,20
BRDA:76,32,0,14
BRDA:76,33,0,0
BRDA:76,34,0,0
BRDA:76,35,0,7
BRDA:76,36,0,0
BRDA:76,37,0,3
BRDA:76,38,0,6
BRDA:76,39,0,1
BRDA:76,40,0,0
BRDA:76,41,0,1
BRDA:76,42,0,0
BRDA:76,43,0,0
BRDA:76,44,0,0
BRDA:76,45,0,21
BRDA:76,46,0,4
BRDA:76,47,0,21
BRDA:76,48,0,6
BRDA:76,49,0,4
BRDA:76,50,0,2
BRDA:76,51,0,0
BRDA:76,52,0,1
BRDA:76,53,0,0
BRDA:18,54,0,1
BRDA:19,55,0,6
BRDA:27,56,0,6
BRDA:76,57,0,6
BRDA:76,58,0,21
BRDA:34,59,0,6
BRDA:76,60,0,6
BRDA:36,61,0,1
BRDA:38,62,0,5
BRDA:40,63,0,0
BRDA:40,64,0,5
BRDA:76,65,0,5
BRDA:45,66,0,1
BRDA:76,67,0,4
BRDA:76,68,0,4
BRDA:52,69,0,3
BRDA:52,70,0,1
BRDA:56,71,0,3
BRDA:57,72,0,2
BRDA:57,73,0,1
BRDA:57,74,0,2
BRDA:76,75,0,2
BRDA:63,76,0,1
BRDA:76,77,0,1
BRDA:76,78,0,2
BRF:79
BRH:58
end_of_record
TN:
SF:src/modules/users/services/UpdateUserAvatarService.ts
FN:45,__decorate
FN:45,__metadata
FN:45,__param
FN:45,__awaiter
FN:45,adopt
FN:45,fulfilled
FN:45,rejected
FN:45,step
FN:45,__generator
FN:45,sent
FN:45,g.<computed>
FN:45,verb
FN:45,step
FN:45,__importDefault
FN:16,UpdateUserAvatarService
FN:24,UpdateUserAvatarService.execute
FNF:16
FNH:14
FNDA:1,__decorate
FNDA:1,__metadata
FNDA:2,__param
FNDA:4,__awaiter
FNDA:11,adopt
FNDA:11,fulfilled
FNDA:0,rejected
FNDA:14,step
FNDA:4,__generator
FNDA:11,sent
FNDA:0,g.<computed>
FNDA:12,verb
FNDA:15,step
FNDA:1,__importDefault
FNDA:3,UpdateUserAvatarService
FNDA:4,UpdateUserAvatarService.execute
DA:1,1
DA:2,1
DA:3,1
DA:4,1
DA:5,1
DA:6,1
DA:7,1
DA:8,1
DA:9,1
DA:10,1
DA:11,1
DA:12,1
DA:13,1
DA:14,1
DA:15,1
DA:16,1
DA:17,3
DA:18,3
DA:19,3
DA:20,3
DA:21,3
DA:22,3
DA:23,1
DA:24,1
DA:25,4
DA:26,4
DA:27,4
DA:28,1
DA:29,1
DA:30,3
DA:31,3
DA:32,1
DA:33,4
DA:34,4
DA:35,4
DA:36,4
DA:37,4
DA:38,4
DA:39,4
DA:40,4
DA:41,4
DA:42,4
DA:43,1
DA:44,1
DA:45,1
LF:45
LH:45
BRDA:45,0,0,1
BRDA:45,1,0,1
BRDA:45,2,0,0
BRDA:45,3,0,0
BRDA:45,4,0,0
BRDA:45,5,0,0
BRDA:45,6,0,1
BRDA:45,7,0,2
BRDA:45,8,0,2
BRDA:45,9,0,4
BRDA:45,10,0,11
BRDA:45,11,0,0
BRDA:45,12,0,4
BRDA:45,13,0,11
BRDA:45,14,0,1
BRDA:45,15,0,14
BRDA:45,16,0,3
BRDA:45,17,0,11
BRDA:45,18,0,4
BRDA:45,19,0,11
BRDA:45,20,0,0
BRDA:45,21,0,12
BRDA:45,22,0,15
BRDA:45,23,0,15
BRDA:45,24,0,0
BRDA:45,25,0,32
BRDA:45,26,0,0
BRDA:45,27,0,0
BRDA:45,28,0,0
BRDA:45,29,0,0
BRDA:45,30,0,15
BRDA:45,31,0,15
BRDA:45,32,0,11
BRDA:45,33,0,0
BRDA:45,34,0,0
BRDA:45,35,0,6
BRDA:45,36,0,0
BRDA:45,37,0,5
BRDA:45,38,0,4
BRDA:45,39,0,2
BRDA:45,40,0,0
BRDA:45,41,0,2
BRDA:45,42,0,0
BRDA:45,43,0,0
BRDA:45,44,0,0
BRDA:45,45,0,17
BRDA:45,46,0,1
BRDA:45,47,0,17
BRDA:45,48,0,4
BRDA:45,49,0,1
BRDA:45,50,0,3
BRDA:45,51,0,0
BRDA:45,52,0,1
BRDA:45,53,0,0
BRDA:15,54,0,1
BRDA:16,55,0,3
BRDA:24,56,0,4
BRDA:45,57,0,4
BRDA:45,58,0,17
BRDA:25,59,0,4
BRDA:45,60,0,4
BRDA:27,61,0,1
BRDA:29,62,0,3
BRDA:31,63,0,2
BRDA:31,64,0,1
BRDA:45,65,0,1
BRDA:35,66,0,3
BRDA:45,67,0,3
BRDA:45,68,0,3
BRF:69
BRH:49
end_of_record
